<?xml version="1.0" encoding="UTF-8" ?>
<testsuite tests="4" failures="0" name="de.vsys.project.tests.JHUTest" time="8.821" errors="0" skipped="0">
  <properties>
[...]
</properties>
  <testcase classname="de.vsys.project.tests.JHUTest" name="de.vsys.project.tests.JHUTest.testIncreaseFromLastTwentyFourHours" time="2.743"/>
  <testcase classname="de.vsys.project.tests.JHUTest" name="de.vsys.project.tests.JHUTest.testInfectionsFromLastTwentyFourHours" time="2.043"/>
  <testcase classname="de.vsys.project.tests.JHUTest" name="de.vsys.project.tests.JHUTest.testTotalInfections" time="2.021"/>
  <testcase classname="de.vsys.project.tests.JHUTest" name="de.vsys.project.tests.JHUTest.testAverageIncreaseFromLastNDays" time="2.014"/>
</testsuite>